2005.09.23 14:33 B C:\MATLAB6p5\work\Xiaoping\TSense\regtools\app_hh.m --> ios /home/ios-raid1/xpwu/Private/Research/workshop/tsense/code/regtools app_hh.m
2005.09.23 14:33 B C:\MATLAB6p5\work\Xiaoping\TSense\regtools\baart.m --> ios /home/ios-raid1/xpwu/Private/Research/workshop/tsense/code/regtools baart.m
2005.09.23 14:33 B C:\MATLAB6p5\work\Xiaoping\TSense\regtools\bidiag.m --> ios /home/ios-raid1/xpwu/Private/Research/workshop/tsense/code/regtools bidiag.m
2005.09.23 14:33 B C:\MATLAB6p5\work\Xiaoping\TSense\regtools\blur.m --> ios /home/ios-raid1/xpwu/Private/Research/workshop/tsense/code/regtools blur.m
2005.09.23 14:33 B C:\MATLAB6p5\work\Xiaoping\TSense\regtools\cgls.m --> ios /home/ios-raid1/xpwu/Private/Research/workshop/tsense/code/regtools cgls.m
2005.09.23 14:33 B C:\MATLAB6p5\work\Xiaoping\TSense\regtools\cgsvd.m --> ios /home/ios-raid1/xpwu/Private/Research/workshop/tsense/code/regtools cgsvd.m
2005.09.23 14:33 B C:\MATLAB6p5\work\Xiaoping\TSense\regtools\Changes --> ios /home/ios-raid1/xpwu/Private/Research/workshop/tsense/code/regtools Changes
2005.09.23 14:33 B C:\MATLAB6p5\work\Xiaoping\TSense\regtools\Contents.m --> ios /home/ios-raid1/xpwu/Private/Research/workshop/tsense/code/regtools Contents.m
2005.09.23 14:33 B C:\MATLAB6p5\work\Xiaoping\TSense\regtools\csvd.m --> ios /home/ios-raid1/xpwu/Private/Research/workshop/tsense/code/regtools csvd.m
2005.09.23 14:33 B C:\MATLAB6p5\work\Xiaoping\TSense\regtools\deriv2.m --> ios /home/ios-raid1/xpwu/Private/Research/workshop/tsense/code/regtools deriv2.m
2005.09.23 14:33 B C:\MATLAB6p5\work\Xiaoping\TSense\regtools\discrep.m --> ios /home/ios-raid1/xpwu/Private/Research/workshop/tsense/code/regtools discrep.m
2005.09.23 14:33 B C:\MATLAB6p5\work\Xiaoping\TSense\regtools\dsvd.m --> ios /home/ios-raid1/xpwu/Private/Research/workshop/tsense/code/regtools dsvd.m
2005.09.23 14:33 B C:\MATLAB6p5\work\Xiaoping\TSense\regtools\fil_fac.m --> ios /home/ios-raid1/xpwu/Private/Research/workshop/tsense/code/regtools fil_fac.m
2005.09.23 14:33 B C:\MATLAB6p5\work\Xiaoping\TSense\regtools\foxgood.m --> ios /home/ios-raid1/xpwu/Private/Research/workshop/tsense/code/regtools foxgood.m
2005.09.23 14:33 B C:\MATLAB6p5\work\Xiaoping\TSense\regtools\gcv.m --> ios /home/ios-raid1/xpwu/Private/Research/workshop/tsense/code/regtools gcv.m
2005.09.23 14:33 B C:\MATLAB6p5\work\Xiaoping\TSense\regtools\gcvfun.m --> ios /home/ios-raid1/xpwu/Private/Research/workshop/tsense/code/regtools gcvfun.m
2005.09.23 14:33 B C:\MATLAB6p5\work\Xiaoping\TSense\regtools\gen_form.m --> ios /home/ios-raid1/xpwu/Private/Research/workshop/tsense/code/regtools gen_form.m
2005.09.23 14:33 B C:\MATLAB6p5\work\Xiaoping\TSense\regtools\gen_hh.m --> ios /home/ios-raid1/xpwu/Private/Research/workshop/tsense/code/regtools gen_hh.m
2005.09.23 14:33 B C:\MATLAB6p5\work\Xiaoping\TSense\regtools\get_l.m --> ios /home/ios-raid1/xpwu/Private/Research/workshop/tsense/code/regtools get_l.m
2005.09.23 14:33 B C:\MATLAB6p5\work\Xiaoping\TSense\regtools\heat.m --> ios /home/ios-raid1/xpwu/Private/Research/workshop/tsense/code/regtools heat.m
2005.09.23 14:33 B C:\MATLAB6p5\work\Xiaoping\TSense\regtools\heb_new.m --> ios /home/ios-raid1/xpwu/Private/Research/workshop/tsense/code/regtools heb_new.m
2005.09.23 14:33 B C:\MATLAB6p5\work\Xiaoping\TSense\regtools\ilaplace.m --> ios /home/ios-raid1/xpwu/Private/Research/workshop/tsense/code/regtools ilaplace.m
2005.09.23 14:33 B C:\MATLAB6p5\work\Xiaoping\TSense\regtools\l_corner.m --> ios /home/ios-raid1/xpwu/Private/Research/workshop/tsense/code/regtools l_corner.m
2005.09.23 14:33 B C:\MATLAB6p5\work\Xiaoping\TSense\regtools\l_curve.m --> ios /home/ios-raid1/xpwu/Private/Research/workshop/tsense/code/regtools l_curve.m
2005.09.23 14:33 B C:\MATLAB6p5\work\Xiaoping\TSense\regtools\lagrange.m --> ios /home/ios-raid1/xpwu/Private/Research/workshop/tsense/code/regtools lagrange.m
2005.09.23 14:33 B C:\MATLAB6p5\work\Xiaoping\TSense\regtools\lanc_b.m --> ios /home/ios-raid1/xpwu/Private/Research/workshop/tsense/code/regtools lanc_b.m
2005.09.23 14:33 B C:\MATLAB6p5\work\Xiaoping\TSense\regtools\lcfun.m --> ios /home/ios-raid1/xpwu/Private/Research/workshop/tsense/code/regtools lcfun.m
2005.09.23 14:33 B C:\MATLAB6p5\work\Xiaoping\TSense\regtools\lsolve.m --> ios /home/ios-raid1/xpwu/Private/Research/workshop/tsense/code/regtools lsolve.m
2005.09.23 14:33 B C:\MATLAB6p5\work\Xiaoping\TSense\regtools\lsqi.m --> ios /home/ios-raid1/xpwu/Private/Research/workshop/tsense/code/regtools lsqi.m
2005.09.23 14:33 B C:\MATLAB6p5\work\Xiaoping\TSense\regtools\lsqr.m --> ios /home/ios-raid1/xpwu/Private/Research/workshop/tsense/code/regtools lsqr.m
2005.09.23 14:33 B C:\MATLAB6p5\work\Xiaoping\TSense\regtools\ltsolve.m --> ios /home/ios-raid1/xpwu/Private/Research/workshop/tsense/code/regtools ltsolve.m
2005.09.23 14:33 B C:\MATLAB6p5\work\Xiaoping\TSense\regtools\maxent.m --> ios /home/ios-raid1/xpwu/Private/Research/workshop/tsense/code/regtools maxent.m
2005.09.23 14:33 B C:\MATLAB6p5\work\Xiaoping\TSense\regtools\mtsvd.m --> ios /home/ios-raid1/xpwu/Private/Research/workshop/tsense/code/regtools mtsvd.m
2005.09.23 14:33 B C:\MATLAB6p5\work\Xiaoping\TSense\regtools\newton.m --> ios /home/ios-raid1/xpwu/Private/Research/workshop/tsense/code/regtools newton.m
2005.09.23 14:33 B C:\MATLAB6p5\work\Xiaoping\TSense\regtools\nu.m --> ios /home/ios-raid1/xpwu/Private/Research/workshop/tsense/code/regtools nu.m
2005.09.23 14:33 B C:\MATLAB6p5\work\Xiaoping\TSense\regtools\parallax.m --> ios /home/ios-raid1/xpwu/Private/Research/workshop/tsense/code/regtools parallax.m
2005.09.23 14:33 B C:\MATLAB6p5\work\Xiaoping\TSense\regtools\pcgls.m --> ios /home/ios-raid1/xpwu/Private/Research/workshop/tsense/code/regtools pcgls.m
2005.09.23 14:33 B C:\MATLAB6p5\work\Xiaoping\TSense\regtools\phillips.m --> ios /home/ios-raid1/xpwu/Private/Research/workshop/tsense/code/regtools phillips.m
2005.09.23 14:33 B C:\MATLAB6p5\work\Xiaoping\TSense\regtools\picard.m --> ios /home/ios-raid1/xpwu/Private/Research/workshop/tsense/code/regtools picard.m
2005.09.23 14:33 B C:\MATLAB6p5\work\Xiaoping\TSense\regtools\pinit.m --> ios /home/ios-raid1/xpwu/Private/Research/workshop/tsense/code/regtools pinit.m
2005.09.23 14:33 B C:\MATLAB6p5\work\Xiaoping\TSense\regtools\plot_lc.m --> ios /home/ios-raid1/xpwu/Private/Research/workshop/tsense/code/regtools plot_lc.m
2005.09.23 14:33 B C:\MATLAB6p5\work\Xiaoping\TSense\regtools\plsqr.m --> ios /home/ios-raid1/xpwu/Private/Research/workshop/tsense/code/regtools plsqr.m
2005.09.23 14:33 B C:\MATLAB6p5\work\Xiaoping\TSense\regtools\pnu.m --> ios /home/ios-raid1/xpwu/Private/Research/workshop/tsense/code/regtools pnu.m
2005.09.23 14:33 B C:\MATLAB6p5\work\Xiaoping\TSense\regtools\pythag.m --> ios /home/ios-raid1/xpwu/Private/Research/workshop/tsense/code/regtools pythag.m
2005.09.23 14:33 B C:\MATLAB6p5\work\Xiaoping\TSense\regtools\quasifun.m --> ios /home/ios-raid1/xpwu/Private/Research/workshop/tsense/code/regtools quasifun.m
2005.09.23 14:33 B C:\MATLAB6p5\work\Xiaoping\TSense\regtools\quasiopt.m --> ios /home/ios-raid1/xpwu/Private/Research/workshop/tsense/code/regtools quasiopt.m
2005.09.23 14:33 B C:\MATLAB6p5\work\Xiaoping\TSense\regtools\regudemo.m --> ios /home/ios-raid1/xpwu/Private/Research/workshop/tsense/code/regtools regudemo.m
2005.09.23 14:33 B C:\MATLAB6p5\work\Xiaoping\TSense\regtools\regutm.m --> ios /home/ios-raid1/xpwu/Private/Research/workshop/tsense/code/regtools regutm.m
2005.09.23 14:33 B C:\MATLAB6p5\work\Xiaoping\TSense\regtools\shaw.m --> ios /home/ios-raid1/xpwu/Private/Research/workshop/tsense/code/regtools shaw.m
2005.09.23 14:33 B C:\MATLAB6p5\work\Xiaoping\TSense\regtools\spikes.m --> ios /home/ios-raid1/xpwu/Private/Research/workshop/tsense/code/regtools spikes.m
2005.09.23 14:33 B C:\MATLAB6p5\work\Xiaoping\TSense\regtools\spleval.m --> ios /home/ios-raid1/xpwu/Private/Research/workshop/tsense/code/regtools spleval.m
2005.09.23 14:33 B C:\MATLAB6p5\work\Xiaoping\TSense\regtools\std_form.m --> ios /home/ios-raid1/xpwu/Private/Research/workshop/tsense/code/regtools std_form.m
2005.09.23 14:33 B C:\MATLAB6p5\work\Xiaoping\TSense\regtools\tgsvd.m --> ios /home/ios-raid1/xpwu/Private/Research/workshop/tsense/code/regtools tgsvd.m
2005.09.23 14:33 B C:\MATLAB6p5\work\Xiaoping\TSense\regtools\tikhonov.m --> ios /home/ios-raid1/xpwu/Private/Research/workshop/tsense/code/regtools tikhonov.m
2005.09.23 14:33 B C:\MATLAB6p5\work\Xiaoping\TSense\regtools\tsvd.m --> ios /home/ios-raid1/xpwu/Private/Research/workshop/tsense/code/regtools tsvd.m
2005.09.23 14:33 B C:\MATLAB6p5\work\Xiaoping\TSense\regtools\ttls.m --> ios /home/ios-raid1/xpwu/Private/Research/workshop/tsense/code/regtools ttls.m
2005.09.23 14:33 B C:\MATLAB6p5\work\Xiaoping\TSense\regtools\ursell.m --> ios /home/ios-raid1/xpwu/Private/Research/workshop/tsense/code/regtools ursell.m
2005.09.23 14:33 B C:\MATLAB6p5\work\Xiaoping\TSense\regtools\wing.m --> ios /home/ios-raid1/xpwu/Private/Research/workshop/tsense/code/regtools wing.m
2005.09.23 15:14 B C:\MATLAB6p5\work\Xiaoping\TSense\regtools\app_hh.m --> ios /home/ios-raid1/xpwu/workshop/tsense/code/regtools app_hh.m
2005.09.23 15:14 B C:\MATLAB6p5\work\Xiaoping\TSense\regtools\baart.m --> ios /home/ios-raid1/xpwu/workshop/tsense/code/regtools baart.m
2005.09.23 15:14 B C:\MATLAB6p5\work\Xiaoping\TSense\regtools\bidiag.m --> ios /home/ios-raid1/xpwu/workshop/tsense/code/regtools bidiag.m
2005.09.23 15:14 B C:\MATLAB6p5\work\Xiaoping\TSense\regtools\blur.m --> ios /home/ios-raid1/xpwu/workshop/tsense/code/regtools blur.m
2005.09.23 15:14 B C:\MATLAB6p5\work\Xiaoping\TSense\regtools\cgls.m --> ios /home/ios-raid1/xpwu/workshop/tsense/code/regtools cgls.m
2005.09.23 15:14 B C:\MATLAB6p5\work\Xiaoping\TSense\regtools\cgsvd.m --> ios /home/ios-raid1/xpwu/workshop/tsense/code/regtools cgsvd.m
2005.09.23 15:14 B C:\MATLAB6p5\work\Xiaoping\TSense\regtools\Changes --> ios /home/ios-raid1/xpwu/workshop/tsense/code/regtools Changes
2005.09.23 15:14 B C:\MATLAB6p5\work\Xiaoping\TSense\regtools\Contents.m --> ios /home/ios-raid1/xpwu/workshop/tsense/code/regtools Contents.m
2005.09.23 15:14 B C:\MATLAB6p5\work\Xiaoping\TSense\regtools\csvd.m --> ios /home/ios-raid1/xpwu/workshop/tsense/code/regtools csvd.m
2005.09.23 15:14 B C:\MATLAB6p5\work\Xiaoping\TSense\regtools\deriv2.m --> ios /home/ios-raid1/xpwu/workshop/tsense/code/regtools deriv2.m
2005.09.23 15:14 B C:\MATLAB6p5\work\Xiaoping\TSense\regtools\discrep.m --> ios /home/ios-raid1/xpwu/workshop/tsense/code/regtools discrep.m
2005.09.23 15:14 B C:\MATLAB6p5\work\Xiaoping\TSense\regtools\dsvd.m --> ios /home/ios-raid1/xpwu/workshop/tsense/code/regtools dsvd.m
2005.09.23 15:14 B C:\MATLAB6p5\work\Xiaoping\TSense\regtools\fil_fac.m --> ios /home/ios-raid1/xpwu/workshop/tsense/code/regtools fil_fac.m
2005.09.23 15:14 B C:\MATLAB6p5\work\Xiaoping\TSense\regtools\foxgood.m --> ios /home/ios-raid1/xpwu/workshop/tsense/code/regtools foxgood.m
2005.09.23 15:14 B C:\MATLAB6p5\work\Xiaoping\TSense\regtools\gcv.m --> ios /home/ios-raid1/xpwu/workshop/tsense/code/regtools gcv.m
2005.09.23 15:14 B C:\MATLAB6p5\work\Xiaoping\TSense\regtools\gcvfun.m --> ios /home/ios-raid1/xpwu/workshop/tsense/code/regtools gcvfun.m
2005.09.23 15:14 B C:\MATLAB6p5\work\Xiaoping\TSense\regtools\gen_form.m --> ios /home/ios-raid1/xpwu/workshop/tsense/code/regtools gen_form.m
2005.09.23 15:14 B C:\MATLAB6p5\work\Xiaoping\TSense\regtools\gen_hh.m --> ios /home/ios-raid1/xpwu/workshop/tsense/code/regtools gen_hh.m
2005.09.23 15:14 B C:\MATLAB6p5\work\Xiaoping\TSense\regtools\get_l.m --> ios /home/ios-raid1/xpwu/workshop/tsense/code/regtools get_l.m
2005.09.23 15:14 B C:\MATLAB6p5\work\Xiaoping\TSense\regtools\heat.m --> ios /home/ios-raid1/xpwu/workshop/tsense/code/regtools heat.m
2005.09.23 15:14 B C:\MATLAB6p5\work\Xiaoping\TSense\regtools\heb_new.m --> ios /home/ios-raid1/xpwu/workshop/tsense/code/regtools heb_new.m
2005.09.23 15:14 B C:\MATLAB6p5\work\Xiaoping\TSense\regtools\ilaplace.m --> ios /home/ios-raid1/xpwu/workshop/tsense/code/regtools ilaplace.m
2005.09.23 15:14 B C:\MATLAB6p5\work\Xiaoping\TSense\regtools\l_corner.m --> ios /home/ios-raid1/xpwu/workshop/tsense/code/regtools l_corner.m
2005.09.23 15:14 B C:\MATLAB6p5\work\Xiaoping\TSense\regtools\l_curve.m --> ios /home/ios-raid1/xpwu/workshop/tsense/code/regtools l_curve.m
2005.09.23 15:14 B C:\MATLAB6p5\work\Xiaoping\TSense\regtools\lagrange.m --> ios /home/ios-raid1/xpwu/workshop/tsense/code/regtools lagrange.m
2005.09.23 15:14 B C:\MATLAB6p5\work\Xiaoping\TSense\regtools\lanc_b.m --> ios /home/ios-raid1/xpwu/workshop/tsense/code/regtools lanc_b.m
2005.09.23 15:14 B C:\MATLAB6p5\work\Xiaoping\TSense\regtools\lcfun.m --> ios /home/ios-raid1/xpwu/workshop/tsense/code/regtools lcfun.m
2005.09.23 15:14 B C:\MATLAB6p5\work\Xiaoping\TSense\regtools\lsolve.m --> ios /home/ios-raid1/xpwu/workshop/tsense/code/regtools lsolve.m
2005.09.23 15:14 B C:\MATLAB6p5\work\Xiaoping\TSense\regtools\lsqi.m --> ios /home/ios-raid1/xpwu/workshop/tsense/code/regtools lsqi.m
2005.09.23 15:14 B C:\MATLAB6p5\work\Xiaoping\TSense\regtools\lsqr.m --> ios /home/ios-raid1/xpwu/workshop/tsense/code/regtools lsqr.m
2005.09.23 15:14 B C:\MATLAB6p5\work\Xiaoping\TSense\regtools\ltsolve.m --> ios /home/ios-raid1/xpwu/workshop/tsense/code/regtools ltsolve.m
2005.09.23 15:14 B C:\MATLAB6p5\work\Xiaoping\TSense\regtools\maxent.m --> ios /home/ios-raid1/xpwu/workshop/tsense/code/regtools maxent.m
2005.09.23 15:14 B C:\MATLAB6p5\work\Xiaoping\TSense\regtools\mtsvd.m --> ios /home/ios-raid1/xpwu/workshop/tsense/code/regtools mtsvd.m
2005.09.23 15:14 B C:\MATLAB6p5\work\Xiaoping\TSense\regtools\newton.m --> ios /home/ios-raid1/xpwu/workshop/tsense/code/regtools newton.m
2005.09.23 15:14 B C:\MATLAB6p5\work\Xiaoping\TSense\regtools\nu.m --> ios /home/ios-raid1/xpwu/workshop/tsense/code/regtools nu.m
2005.09.23 15:14 B C:\MATLAB6p5\work\Xiaoping\TSense\regtools\parallax.m --> ios /home/ios-raid1/xpwu/workshop/tsense/code/regtools parallax.m
2005.09.23 15:14 B C:\MATLAB6p5\work\Xiaoping\TSense\regtools\pcgls.m --> ios /home/ios-raid1/xpwu/workshop/tsense/code/regtools pcgls.m
2005.09.23 15:14 B C:\MATLAB6p5\work\Xiaoping\TSense\regtools\phillips.m --> ios /home/ios-raid1/xpwu/workshop/tsense/code/regtools phillips.m
2005.09.23 15:14 B C:\MATLAB6p5\work\Xiaoping\TSense\regtools\picard.m --> ios /home/ios-raid1/xpwu/workshop/tsense/code/regtools picard.m
2005.09.23 15:14 B C:\MATLAB6p5\work\Xiaoping\TSense\regtools\pinit.m --> ios /home/ios-raid1/xpwu/workshop/tsense/code/regtools pinit.m
2005.09.23 15:14 B C:\MATLAB6p5\work\Xiaoping\TSense\regtools\plot_lc.m --> ios /home/ios-raid1/xpwu/workshop/tsense/code/regtools plot_lc.m
2005.09.23 15:14 B C:\MATLAB6p5\work\Xiaoping\TSense\regtools\plsqr.m --> ios /home/ios-raid1/xpwu/workshop/tsense/code/regtools plsqr.m
2005.09.23 15:14 B C:\MATLAB6p5\work\Xiaoping\TSense\regtools\pnu.m --> ios /home/ios-raid1/xpwu/workshop/tsense/code/regtools pnu.m
2005.09.23 15:14 B C:\MATLAB6p5\work\Xiaoping\TSense\regtools\pythag.m --> ios /home/ios-raid1/xpwu/workshop/tsense/code/regtools pythag.m
2005.09.23 15:14 B C:\MATLAB6p5\work\Xiaoping\TSense\regtools\quasifun.m --> ios /home/ios-raid1/xpwu/workshop/tsense/code/regtools quasifun.m
2005.09.23 15:14 B C:\MATLAB6p5\work\Xiaoping\TSense\regtools\quasiopt.m --> ios /home/ios-raid1/xpwu/workshop/tsense/code/regtools quasiopt.m
2005.09.23 15:14 B C:\MATLAB6p5\work\Xiaoping\TSense\regtools\regudemo.m --> ios /home/ios-raid1/xpwu/workshop/tsense/code/regtools regudemo.m
2005.09.23 15:14 B C:\MATLAB6p5\work\Xiaoping\TSense\regtools\regutm.m --> ios /home/ios-raid1/xpwu/workshop/tsense/code/regtools regutm.m
2005.09.23 15:14 B C:\MATLAB6p5\work\Xiaoping\TSense\regtools\shaw.m --> ios /home/ios-raid1/xpwu/workshop/tsense/code/regtools shaw.m
2005.09.23 15:14 B C:\MATLAB6p5\work\Xiaoping\TSense\regtools\spikes.m --> ios /home/ios-raid1/xpwu/workshop/tsense/code/regtools spikes.m
2005.09.23 15:14 B C:\MATLAB6p5\work\Xiaoping\TSense\regtools\spleval.m --> ios /home/ios-raid1/xpwu/workshop/tsense/code/regtools spleval.m
2005.09.23 15:14 B C:\MATLAB6p5\work\Xiaoping\TSense\regtools\std_form.m --> ios /home/ios-raid1/xpwu/workshop/tsense/code/regtools std_form.m
2005.09.23 15:14 B C:\MATLAB6p5\work\Xiaoping\TSense\regtools\tgsvd.m --> ios /home/ios-raid1/xpwu/workshop/tsense/code/regtools tgsvd.m
2005.09.23 15:14 B C:\MATLAB6p5\work\Xiaoping\TSense\regtools\tikhonov.m --> ios /home/ios-raid1/xpwu/workshop/tsense/code/regtools tikhonov.m
2005.09.23 15:14 B C:\MATLAB6p5\work\Xiaoping\TSense\regtools\tsvd.m --> ios /home/ios-raid1/xpwu/workshop/tsense/code/regtools tsvd.m
2005.09.23 15:14 B C:\MATLAB6p5\work\Xiaoping\TSense\regtools\ttls.m --> ios /home/ios-raid1/xpwu/workshop/tsense/code/regtools ttls.m
2005.09.23 15:14 B C:\MATLAB6p5\work\Xiaoping\TSense\regtools\ursell.m --> ios /home/ios-raid1/xpwu/workshop/tsense/code/regtools ursell.m
2005.09.23 15:14 B C:\MATLAB6p5\work\Xiaoping\TSense\regtools\wing.m --> ios /home/ios-raid1/xpwu/workshop/tsense/code/regtools wing.m
